<?xml version="1.0" encoding="UTF-8"?>
<testng-results total="1" passed="1" failed="0" skipped="0">
  <reporter-output>
  </reporter-output>
  <suite started-at="2022-05-26T21:13:32Z" name="Default suite" finished-at="2022-05-26T21:14:21Z" duration-ms="49196">
    <groups>
    </groups>
    <test started-at="2022-05-26T21:13:32Z" name="Default test" finished-at="2022-05-26T21:14:21Z" duration-ms="49196">
      <class name="com.sinube.T.SinubeAuto">
        <test-method is-config="true" signature="setUp()[pri:0, instance:com.sinube.T.SinubeAuto@327bcebd]" started-at="2022-05-26T16:13:32Z" name="setUp" finished-at="2022-05-26T16:13:37Z" duration-ms="4587" status="PASS">
          <reporter-output>
          </reporter-output>
        </test-method> <!-- setUp -->
        <test-method signature="testWrongData()[pri:0, instance:com.sinube.T.SinubeAuto@327bcebd]" started-at="2022-05-26T16:13:37Z" name="testWrongData" finished-at="2022-05-26T16:14:20Z" duration-ms="43936" status="PASS">
          <reporter-output>
          </reporter-output>
        </test-method> <!-- testWrongData -->
        <test-method is-config="true" signature="tearDown()[pri:0, instance:com.sinube.T.SinubeAuto@327bcebd]" started-at="2022-05-26T16:14:20Z" name="tearDown" finished-at="2022-05-26T16:14:21Z" duration-ms="663" status="PASS">
          <reporter-output>
          </reporter-output>
        </test-method> <!-- tearDown -->
      </class> <!-- com.sinube.T.SinubeAuto -->
    </test> <!-- Default test -->
  </suite> <!-- Default suite -->
</testng-results>
